TN:
SF:DuckDuckGoose/DuckDuckGoose.js
FN:9,duckDuckGoose
FNF:1
FNH:1
FNDA:2,duckDuckGoose
DA:3,1
DA:5,1
DA:7,1
DA:10,2
DA:11,1
DA:12,6
DA:15,1
DA:18,1
DA:19,5
DA:20,10
DA:21,10
DA:23,5
DA:25,1
DA:28,1
LF:14
LH:14
BRDA:10,0,0,1
BRDA:10,0,1,1
BRF:2
BRH:2
end_of_record
TN:
SF:DuckDuckGoose/node.js
FN:5,(anonymous_0)
FNF:1
FNH:1
FNDA:16,(anonymous_0)
DA:6,16
DA:7,16
DA:11,1
LF:3
LH:3
BRF:0
BRH:0
end_of_record
TN:
SF:DuckDuckGoose/queue.js
FN:6,(anonymous_0)
FN:12,(anonymous_1)
FN:18,(anonymous_2)
FN:25,(anonymous_3)
FN:29,(anonymous_4)
FN:32,(anonymous_5)
FN:35,(anonymous_6)
FNF:7
FNH:6
FNDA:1,(anonymous_0)
FNDA:16,(anonymous_1)
FNDA:16,(anonymous_2)
FNDA:0,(anonymous_3)
FNDA:6,(anonymous_4)
FNDA:16,(anonymous_5)
FNDA:16,(anonymous_6)
DA:3,1
DA:7,1
DA:8,1
DA:9,1
DA:13,16
DA:14,16
DA:15,16
DA:19,16
DA:20,16
DA:21,16
DA:22,16
DA:23,16
DA:26,0
DA:27,0
DA:30,6
DA:33,16
DA:36,16
DA:37,0
DA:42,1
LF:19
LH:16
BRDA:36,0,0,0
BRDA:36,0,1,16
BRF:2
BRH:1
end_of_record
